mode: set
github.com/info344-s18/challenges-ask710/servers/gateway/models/users/mysqlstore.go:14.44,18.2 1 1
github.com/info344-s18/challenges-ask710/servers/gateway/models/users/mysqlstore.go:20.78,26.9 4 1
github.com/info344-s18/challenges-ask710/servers/gateway/models/users/mysqlstore.go:33.2,33.18 1 1
github.com/info344-s18/challenges-ask710/servers/gateway/models/users/mysqlstore.go:27.28,28.30 1 1
github.com/info344-s18/challenges-ask710/servers/gateway/models/users/mysqlstore.go:29.18,30.18 1 1
github.com/info344-s18/challenges-ask710/servers/gateway/models/users/mysqlstore.go:38.55,40.2 1 1
github.com/info344-s18/challenges-ask710/servers/gateway/models/users/mysqlstore.go:43.62,45.2 1 1
github.com/info344-s18/challenges-ask710/servers/gateway/models/users/mysqlstore.go:48.68,50.2 1 1
github.com/info344-s18/challenges-ask710/servers/gateway/models/users/mysqlstore.go:54.56,58.16 3 1
github.com/info344-s18/challenges-ask710/servers/gateway/models/users/mysqlstore.go:62.2,64.16 2 1
github.com/info344-s18/challenges-ask710/servers/gateway/models/users/mysqlstore.go:68.2,70.18 2 1
github.com/info344-s18/challenges-ask710/servers/gateway/models/users/mysqlstore.go:58.16,60.3 1 1
github.com/info344-s18/challenges-ask710/servers/gateway/models/users/mysqlstore.go:64.16,66.3 1 1
github.com/info344-s18/challenges-ask710/servers/gateway/models/users/mysqlstore.go:75.72,78.16 3 1
github.com/info344-s18/challenges-ask710/servers/gateway/models/users/mysqlstore.go:82.2,82.51 1 1
github.com/info344-s18/challenges-ask710/servers/gateway/models/users/mysqlstore.go:86.2,86.22 1 1
github.com/info344-s18/challenges-ask710/servers/gateway/models/users/mysqlstore.go:78.16,80.3 1 1
github.com/info344-s18/challenges-ask710/servers/gateway/models/users/mysqlstore.go:82.51,84.3 1 1
github.com/info344-s18/challenges-ask710/servers/gateway/models/users/mysqlstore.go:91.45,94.16 3 1
github.com/info344-s18/challenges-ask710/servers/gateway/models/users/mysqlstore.go:98.2,98.50 1 1
github.com/info344-s18/challenges-ask710/servers/gateway/models/users/mysqlstore.go:101.2,101.12 1 1
github.com/info344-s18/challenges-ask710/servers/gateway/models/users/mysqlstore.go:94.16,96.3 1 1
github.com/info344-s18/challenges-ask710/servers/gateway/models/users/mysqlstore.go:98.50,100.3 1 1
github.com/info344-s18/challenges-ask710/servers/gateway/models/users/mysqlstore.go:104.49,106.16 2 1
github.com/info344-s18/challenges-ask710/servers/gateway/models/users/mysqlstore.go:110.2,110.19 1 1
github.com/info344-s18/challenges-ask710/servers/gateway/models/users/mysqlstore.go:113.2,113.12 1 1
github.com/info344-s18/challenges-ask710/servers/gateway/models/users/mysqlstore.go:106.16,108.3 1 1
github.com/info344-s18/challenges-ask710/servers/gateway/models/users/mysqlstore.go:110.19,112.3 1 1
github.com/info344-s18/challenges-ask710/servers/gateway/models/users/postgresstore.go:14.56,18.2 1 1
github.com/info344-s18/challenges-ask710/servers/gateway/models/users/postgresstore.go:20.84,26.9 4 1
github.com/info344-s18/challenges-ask710/servers/gateway/models/users/postgresstore.go:33.2,33.18 1 1
github.com/info344-s18/challenges-ask710/servers/gateway/models/users/postgresstore.go:27.28,28.30 1 1
github.com/info344-s18/challenges-ask710/servers/gateway/models/users/postgresstore.go:29.18,30.18 1 1
github.com/info344-s18/challenges-ask710/servers/gateway/models/users/postgresstore.go:37.61,39.2 1 1
github.com/info344-s18/challenges-ask710/servers/gateway/models/users/postgresstore.go:42.68,44.2 1 1
github.com/info344-s18/challenges-ask710/servers/gateway/models/users/postgresstore.go:47.74,49.2 1 1
github.com/info344-s18/challenges-ask710/servers/gateway/models/users/postgresstore.go:53.62,59.16 4 1
github.com/info344-s18/challenges-ask710/servers/gateway/models/users/postgresstore.go:62.2,64.18 2 1
github.com/info344-s18/challenges-ask710/servers/gateway/models/users/postgresstore.go:59.16,61.3 1 1
github.com/info344-s18/challenges-ask710/servers/gateway/models/users/postgresstore.go:69.78,72.16 3 1
github.com/info344-s18/challenges-ask710/servers/gateway/models/users/postgresstore.go:75.2,75.51 1 1
github.com/info344-s18/challenges-ask710/servers/gateway/models/users/postgresstore.go:78.2,78.22 1 1
github.com/info344-s18/challenges-ask710/servers/gateway/models/users/postgresstore.go:72.16,74.3 1 1
github.com/info344-s18/challenges-ask710/servers/gateway/models/users/postgresstore.go:75.51,77.3 1 1
github.com/info344-s18/challenges-ask710/servers/gateway/models/users/postgresstore.go:82.51,85.16 3 1
github.com/info344-s18/challenges-ask710/servers/gateway/models/users/postgresstore.go:88.2,88.50 1 1
github.com/info344-s18/challenges-ask710/servers/gateway/models/users/postgresstore.go:91.2,91.12 1 1
github.com/info344-s18/challenges-ask710/servers/gateway/models/users/postgresstore.go:85.16,87.3 1 1
github.com/info344-s18/challenges-ask710/servers/gateway/models/users/postgresstore.go:88.50,90.3 1 1
github.com/info344-s18/challenges-ask710/servers/gateway/models/users/user.go:56.37,65.55 1 1
github.com/info344-s18/challenges-ask710/servers/gateway/models/users/user.go:68.2,68.26 1 1
github.com/info344-s18/challenges-ask710/servers/gateway/models/users/user.go:71.2,71.36 1 1
github.com/info344-s18/challenges-ask710/servers/gateway/models/users/user.go:74.2,74.27 1 1
github.com/info344-s18/challenges-ask710/servers/gateway/models/users/user.go:78.2,78.40 1 1
github.com/info344-s18/challenges-ask710/servers/gateway/models/users/user.go:81.2,81.12 1 1
github.com/info344-s18/challenges-ask710/servers/gateway/models/users/user.go:65.55,67.3 1 1
github.com/info344-s18/challenges-ask710/servers/gateway/models/users/user.go:68.26,70.3 1 1
github.com/info344-s18/challenges-ask710/servers/gateway/models/users/user.go:71.36,73.3 1 1
github.com/info344-s18/challenges-ask710/servers/gateway/models/users/user.go:74.27,76.3 1 1
github.com/info344-s18/challenges-ask710/servers/gateway/models/users/user.go:78.40,80.3 1 1
github.com/info344-s18/challenges-ask710/servers/gateway/models/users/user.go:86.44,101.38 1 1
github.com/info344-s18/challenges-ask710/servers/gateway/models/users/user.go:105.2,116.18 3 1
github.com/info344-s18/challenges-ask710/servers/gateway/models/users/user.go:101.38,103.3 1 1
github.com/info344-s18/challenges-ask710/servers/gateway/models/users/user.go:121.39,127.2 5 1
github.com/info344-s18/challenges-ask710/servers/gateway/models/users/user.go:134.34,136.43 1 1
github.com/info344-s18/challenges-ask710/servers/gateway/models/users/user.go:139.2,139.58 1 1
github.com/info344-s18/challenges-ask710/servers/gateway/models/users/user.go:136.43,138.3 1 1
github.com/info344-s18/challenges-ask710/servers/gateway/models/users/user.go:144.51,149.16 2 1
github.com/info344-s18/challenges-ask710/servers/gateway/models/users/user.go:152.2,153.12 2 1
github.com/info344-s18/challenges-ask710/servers/gateway/models/users/user.go:149.16,151.3 1 0
github.com/info344-s18/challenges-ask710/servers/gateway/models/users/user.go:158.52,162.84 1 1
github.com/info344-s18/challenges-ask710/servers/gateway/models/users/user.go:165.2,165.12 1 1
github.com/info344-s18/challenges-ask710/servers/gateway/models/users/user.go:162.84,164.3 1 1
github.com/info344-s18/challenges-ask710/servers/gateway/models/users/user.go:170.53,174.55 1 1
github.com/info344-s18/challenges-ask710/servers/gateway/models/users/user.go:178.2,180.12 3 1
github.com/info344-s18/challenges-ask710/servers/gateway/models/users/user.go:174.55,176.3 1 1
